
Taxon counts: 6
        Genus 889
      Species 22109
    Subfamily 25
     Subgenus 112
   Subspecies 2129
        Tribe 140

Status counts: 9
                valid 15565
              synonym 5286
           recombined 3082
          unavailable 939
              homonym 253
       unidentifiable 207
   unresolved homonym 57
          nomen nudum 8
             excluded 7

Record counts: 16
     4516 AuthorName
    10919 Author
     6420 Bolton::Match
     4644 Bolton::Reference
        0 Citation
     1717 Journal
      229 Place
        0 Protonym
      465 Publisher
    17099 ReferenceAuthorName
     5623 ReferenceDocument
    10840 Reference
     9717 SpeciesGroupForwardRef
    25404 Taxon
        0 TaxonomicHistoryItem
       18 User

Taxa with mismatched synonym and status: 4704
