
25870 processed in 18 mins 24.06/sec
22266 lines
442 genera
20973 species
2 genera not found
1 duplicate genera that need resolving
116 species without protonyms
44 could not understand
** Invoke vlad (first_time)
** Invoke environment 
** Execute vlad

Taxon counts: 7
       Family 1
        Genus 888
      Species 15698
    Subfamily 25
     Subgenus 113
   Subspecies 5275
        Tribe 140

Status counts: 8
                valid 15600
              synonym 4949
          unavailable 724
              homonym 365
          nomen nudum 199
       unidentifiable 170
   unresolved homonym 120
             excluded 13

Record counts: 16
     4510 AuthorName
    10913 Author
     6420 Bolton::Match
     4644 Bolton::Reference
    55327 Citation
     1719 Journal
      229 Place
    55457 Protonym
      465 Publisher
    17087 ReferenceAuthorName
     5615 ReferenceDocument
    13225 Reference
     9717 SpeciesGroupForwardRef
    22140 Taxon
    85719 TaxonomicHistoryItem
       17 User

Subspecies without species: 336
  Tetramorium pauper st. transformans (synonym)
  Tetramorium grazsii var. mayri (synonym)
  Temnothorax salvini var. obscurior (homonym)
  Temnothorax pastinifera var. opacipes (synonym)
  Temnothorax nassonovi var. subnudus (synonym)
  Temnothorax nassonovi subsp. firssovi (synonym)
  Temnothorax (Macromischa) squamifera var. atrinodis (synonym)
  Tapinoma minutula subsp. atomus var. fullawayi (unavailable)
  Strumigenys godefroyi var. indica (synonym)
  Strumigenys eggersi var. cubaensis (synonym)
  Solenopsis edouardi var. perversa (synonym)
  Solenopsis edouardi var. bahiaensis (synonym)
  Pseudomyrmex spinolae var. scelerosa (unresolved homonym)
  Pseudomyrmex spinolae var. infernalis (unresolved homonym)
  Pseudomyrmex sabanica var. saffordi (unresolved homonym)
  Pseudomyrmex elongata var. tandem (synonym)
  Polyrhachis conops var. cuspidata (unresolved homonym)
  Polyrhachis alpheus var. rufiventris (homonym)
  Polyrhachis (Myrma) conops var. stitzi (valid)
  Polyrhachis (Myrma) conops var. bismarckensis (homonym)
  Polyrhachis (Myrma) conops subsp. simplex (homonym)
  Pogonomyrmex cunicularis var. serpens (synonym)
  Pogonomyrmex cunicularis var. brevispinus (synonym)
  Platythyrea melancholica var. aruana (synonym)
  Platythyrea aethiops subsp. grisea (synonym)
  Plagiolepis (Anacantholepis) vanderkeleni st. polita (valid)
  Pheidole radowszkowskii var. acuta (synonym)
  Pheidole radowszkowskii r. militaris (homonym)
  Pheidole nodus var. praevexata (synonym)
  Pheidole nodus var. flebilis (synonym)
  Pheidole nodus st. rhombinoda var. gratiosa (unavailable)
  Pheidole nodus st. azumai (synonym)
  Pheidole arnoldi var. sipapomae (unavailable)
  Pheidole arnoldi var. rufescens (homonym)
  Pheidole arnoldi var. ballaensis (valid)
  Paraparatrechina opaca subsp. metallescens (valid)
  Paraparatrechina (Nylanderia) minutula var. buxtoni (valid)
  Pachycondyla tarsatus var. subopaca (valid)
  Pachycondyla tarsatus var. striatus (homonym)
  Pachycondyla tarsatus var. striatidens (homonym)
  Pachycondyla tarsatus var. robusta (valid)
  Pachycondyla tarsatus var. mediana (valid)
  Pachycondyla tarsatus var. delagoensis (valid)
  Pachycondyla tarsata kaya (valid)
  Pachycondyla sublaevis var. rubicunda (valid)
  Pachycondyla (Bothroponera) sublevis var. murina (valid)
  Pachycondyla (Bothroponera) sublevis subsp. kurandensis (valid)
  Pachycondyla (Bothroponera) sublaevis r. reticulata (unresolved homonym)
  Odontomachus haematodes var. rugisquama (synonym)
  Odontomachus haematodes var. microcephalus (synonym)
  Odontomachus haematodes var. fuscus (synonym)
  Odontomachus haematodes var. fuscipennis (synonym)
  Odontomachus haematodes subsp. insularis var. pallens (unavailable)
  Odontomachus haematodes r. theresiae (synonym)
  Nylanderia obscura var. papuana (valid)
  Nylanderia obscura r. bismarckensis (valid)
  Nylanderia madagascarensis var. sechellensis (valid)
  Nylanderia guatemalensis var. itinerans (valid)
  Nylanderia guatemalensis var. cocoensis (valid)
  Nylanderia braueri var. glabrior (valid)
  Nylanderia bourbonica var. farquharensis (valid)
  Nylanderia bourbonica subsp. ngasiyana (valid)
  Nylanderia bourbonica r. hawaiensis (synonym)
  Nylanderia (Nylanderia) vividula var. mjobergi (valid)
  Nylanderia (Nylanderia) vividula var. australis (valid)
  Nylanderia (Nylanderia) vividula subsp. guatemalensis var. edenensis (unavailable)
  Nylanderia (Nylanderia) vaga var. irritans (synonym)
  Nylanderia (Nylanderia) vaga var. crassipilis (synonym)
  Nylanderia (Nylanderia) taylori r. levis (valid)
  Nylanderia (Nylanderia) obscura subsp. minor (valid)
  Nylanderia (Nylanderia) obscura subsp. celebensis (valid)
  Nylanderia (Nylanderia) madagascarensis var. rufescens (valid)
  Nylanderia (Nylanderia) jaegerskioeldi var. borcardi (synonym)
  Nylanderia (Nylanderia) fulva var. fumatipennis (valid)
  Nylanderia (Nylanderia) fulva subsp. nesiotis (valid)
  Nylanderia (Nylanderia) fulva subsp. longiscapa (valid)
  Nylanderia (Nylanderia) fulva subsp. incisa (valid)
  Nylanderia (Nylanderia) fulva subsp. biolleyi (valid)
  Nylanderia (Nylanderia) fulva st. cubana (valid)
  Nylanderia (Nylanderia) caeciliae subsp. elevata (valid)
  Nylanderia (Nylanderia) braueri subsp. donisthorpei (valid)
  Nylanderia (Nylanderia) bourbonica subsp. skottsbergi (synonym)
  Neivamyrmex (Labidus) spininode st. militarium (synonym)
  Myrmicaria arachnoidea var. latinoda (valid)
  Myrmicaria (Heptacondylus) arachnoidea var. adpressipilosa (valid)
  Monomorium minutum var. samoanum (synonym)
  Monomorium minutum var. liliuokalanii (valid)
  Monomorium minutum subsp. liliuokalanii var. javana (unavailable)
  Monomorium minutum subsp. hottentota (synonym)
  Monomorium glaber var. glabrocriniceps (synonym)
  Monomorium glaber var. clarus (synonym)
  Monomorium amblyops r. bulawayense (homonym)
  Monomorium (Notomyrmex) bidentatum subsp. piceonigrum (synonym)
  Messor rufitarsis subsp. jakowlevi (synonym)
  Messor rufitarsis subsp. darianus (synonym)
  Leptothorax tuberum var. unifasciatonigricipoides (nomen nudum)
  Leptothorax tuberum var. tuberointerruptus (nomen nudum)
  Leptothorax tuberum var. tuberoaffinis (nomen nudum)
  Leptothorax tuberum var. tozae (nomen nudum)
  Leptothorax tuberum var. nigroscutellata (nomen nudum)
  Leptothorax tuberum var. affinotuberum (nomen nudum)
  Leptothorax tuberum var. affinonigriceps (nomen nudum)
  Leptothorax tuberum subsp. spinosus var. nivalis (unavailable)
  Leptothorax tuberum subsp. nylanderi var. nylanderonigriceps (unavailable)
  Leptothorax tuberum subsp. nigriceps var. unifasciatonigriceps (unavailable)
  Leptothorax tuberum subsp. exilis var. specularis (unavailable)
  Leptothorax tuberum subsp. exilis var. ruficornis (unavailable)
  Leptothorax tuberum subsp. exilis var. dichroa (unavailable)
  Leptothorax tuberum subsp. corticalis var. korbi (unavailable)
  Leptothorax tuberum subsp. acutinodis (nomen nudum)
  Leptothorax tuberum st. unifasciatus var. paolii (unavailable)
  Leptothorax tuberum st. tebessae var. gentilis (unavailable)
  Leptothorax tuberum r. unifasciatus var. staegeri (unavailable)
  Leptothorax tuberum r. unifasciatus var. spinosus (unavailable)
  Leptothorax tuberum r. unifasciatus var. nigricipoides (unavailable)
  Leptothorax tuberum r. tebessae var. nylanderotebessae (unavailable)
  Leptothorax tuberum r. tebessae var. atomus (unavailable)
  Leptothorax tuberum r. obscurior var. nitidulus (unavailable)
  Leptothorax tuberum r. melanocephalus var. obscurior (unavailable)
  Leptothorax tuberum r. interruptus var. nitidiceps (unavailable)
  Leptothorax spinosus var. baborensis (unavailable)
  Leptothorax rottenbergi st. semiruber var. galatica (unavailable)
  Leptothorax rottenbergi st. scabrosus var. kabyla (unavailable)
  Leptothorax rottenbergi st. scabriosus var. irregularis (unavailable)
  Leptothorax rottenbergi st. annibalis var. transitoria (unavailable)
  Leptothorax rottenbergi st. annibalis var. littoralis (unavailable)
  Leptothorax rottenbergi st. annibalis var. herculea (unavailable)
  Leptothorax rottenbergi st. annibalis var. colorata (unavailable)
  Leptothorax normandi st. atlantis var. suturalis (unavailable)
  Leptothorax fuentei var. parkeri (unavailable)
  Leptothorax flavispinus st. santschii var. crassispina (unavailable)
  Leptothorax exilis subsp. obscurior var. esmirensis (unavailable)
  Leptothorax curvispinosus subsp. rugatulus var. cockerelli (unavailable)
  Leptothorax cabrerae st. productus var. sericeiventris (unavailable)
  Leptothorax bulgaricus subsp. smyrnensis var. ionia (unavailable)
  Leptothorax bugnioni subsp. pupseli var. martellii (unavailable)
  Leptothorax bucheti st. tuneticus var. tenuispinus (unavailable)
  Leptothorax bucheti st. tuneticus var. tellensis (unavailable)
  Leptothorax angustus st. trabuti var. veneris (unavailable)
  Leptothorax angustulus var. kraussei (nomen nudum)
  Leptothorax angustulus st. algiricus var. brunea (unavailable)
  Leptothorax angustulus r. trabutii var. convexotrabutii (unavailable)
  Leptothorax (Dichothorax) pergandei subsp. floridanus var. spinosus (unavailable)
  Leptogenys (Lobopelta) brevinodis var. deflocata (synonym)
  Leptanilla revelierei var. bimaculata (synonym)
  Leptanilla revelierei subsp. sardoa (synonym)
  Leptanilla revelierei subsp. chobauti (synonym)
  Lepisiota monardi var. australis (unresolved homonym)
  Labidus (Labidus) caecum st. servillei var. hostilis (unavailable)
  Hypoponera schmaltzi var. paulina (valid)
  Hypoponera japonica r. formosae (synonym)
  Hypoponera gleadowii r. decipiens (synonym)
  Gnamptogenys striatula var. antillana (synonym)
  Gnamptogenys rugosa r. parva (synonym)
  Gnamptogenys regularis var. arcuata (valid)
  Gnamptogenys emeryi var. recta (synonym)
  Gnamptogenys (Holcoponera) striatulum var. angustiloba (synonym)
  Gnamptogenys (Gnamptogenys) continuum var. panamensis (synonym)
  Froggattella kirbyi var. bispinosa (synonym)
  Froggattella kirbyi subsp. nigripes (synonym)
  Froggattella kirbyi subsp. lutescens (synonym)
  Froggattella kirbyi subsp. laticeps (synonym)
  Froggattella kirbyi subsp. ianthina (synonym)
  Formica rubra aculeata (unavailable)
  Formica minor subsp. pratensoides (synonym)
  Formica melliger subsp. californica (homonym)
  Formica lavateri var. major (unresolved homonym)
  Forelius maccooki subsp. brasiliensis var. carmelitana (unavailable)
  Forelius maccooki r. andrei (synonym)
  Dolichoderus sellaris var. borneonensis (valid)
  Dolichoderus (Hypoclinea) bituberculatus var. rufescens (homonym)
  Dolichoderus (Hypoclinea) bituberculatus var. nasutus (valid)
  Dolichoderus (Hypoclinea) bituberculatus var. levior (valid)
  Dolichoderus (Hypoclinea) bituberculatus var. lacciperdus (valid)
  Dolichoderus (Hypoclinea) bituberculatus var. bilikanus (valid)
  Crematogaster sewellei var. dentata (valid)
  Crematogaster scutellaris var. nigra (homonym)
  Crematogaster scutellaris var. medispina (synonym)
  Crematogaster scutellaris var. lichtensteini (synonym)
  Crematogaster scutellaris var. grouvellei (synonym)
  Crematogaster scutellaris var. degener (synonym)
  Crematogaster scutellaris var. corsica (synonym)
  Crematogaster scutellaris var. christowitchii (synonym)
  Crematogaster scutellaris var. alii (valid)
  Crematogaster scutellaris subsp. schmidti var. rectangulata (unavailable)
  Crematogaster scutellaris subsp. schmidti var. hybrida (unavailable)
  Crematogaster scutellaris subsp. schmidti var. atratula (unavailable)
  Crematogaster scutellaris r. tenuispina (valid)
  Crematogaster meneliki st. completa var. fuliginosa (unavailable)
  Crematogaster meneliki r. occidentalis var. atrigaster (unavailable)
  Crematogaster longiceps var. curticeps (valid)
  Crematogaster godfreyi var. foraminicipoides (synonym)
  Crematogaster bicolor subsp. imbellis (valid)
  Crematogaster (Decacrema) solenopsoides st. costeboriensis (valid)
  Crematogaster (Crematogaster) meneliki st. proserpina var. pluton (unavailable)
  Crematogaster (Crematogaster) meneliki st. proserpina (valid)
  Crematogaster (Acrocoelia) scutellaris subsp. schmidti var. luisae (unavailable)
  Cerapachys cooperi r. congolensis (synonym)
  Cephalotes (Cryptocerus) iheringi st. pampaensis (synonym)
  Cephalotes (Cryptocerus) guttatus var. trivialis (synonym)
  Cataglyphis cephalotes subsp. europaea (synonym)
  Cardiocondyla wasmanni var. sculptior (synonym)
  Cardiocondyla stambulovi subsp. salina (unavailable)
  Cardiocondyla stambulovi subsp. sabulosa (unavailable)
  Camponotus vitreus var. praerufus (valid)
  Camponotus vitreus var. neocarinata (unavailable)
  Camponotus substitutus var. lacteus (unavailable)
  Camponotus rubripes r. subnudus (valid)
  Camponotus peregrinus (valid)
  Camponotus maculatus var. sylvaticomaculatus (valid)
  Camponotus maculatus var. schultzei (synonym)
  Camponotus maculatus var. radamoides (synonym)
  Camponotus maculatus var. melanocnemis (synonym)
  Camponotus maculatus var. lividior (synonym)
  Camponotus maculatus var. cognatodichrous (nomen nudum)
  Camponotus maculatus var. atramentarius (synonym)
  Camponotus maculatus subsp. vicinus var. plorabilis (unavailable)
  Camponotus maculatus subsp. vicinus var. nitidiventris (unavailable)
  Camponotus maculatus subsp. vicinus var. maritimus (unavailable)
  Camponotus maculatus subsp. vicinus var. luteangulus (unavailable)
  Camponotus maculatus subsp. vicinus var. infernalis (unavailable)
  Camponotus maculatus subsp. turkestanicus var. turkestanicocognatus (unavailable)
  Camponotus maculatus subsp. thoracicus var. sanctoides (unavailable)
  Camponotus maculatus subsp. thoracicus var. mortis (unavailable)
  Camponotus maculatus subsp. thoracicus var. minor (unavailable)
  Camponotus maculatus subsp. taylori var. formosae (unavailable)
  Camponotus maculatus subsp. schereri (synonym)
  Camponotus maculatus subsp. ruzskyi (unresolved homonym)
  Camponotus maculatus subsp. proletaria (valid)
  Camponotus maculatus subsp. pictiventris var. octomaculata (unavailable)
  Camponotus maculatus subsp. parvulus var. opica (unavailable)
  Camponotus maculatus subsp. oertzeni var. pericles (unavailable)
  Camponotus maculatus subsp. novaehollandiae var. papua (unavailable)
  Camponotus maculatus subsp. negus var. schweinfurti (unavailable)
  Camponotus maculatus subsp. mathildae (synonym)
  Camponotus maculatus subsp. manzer (synonym)
  Camponotus maculatus subsp. lucayanus var. tephronotus (unavailable)
  Camponotus maculatus subsp. liocnemis var. madecassa (unavailable)
  Camponotus maculatus subsp. liocnemis (synonym)
  Camponotus maculatus subsp. liengmei var. hansingi (unavailable)
  Camponotus maculatus subsp. intonsus (synonym)
  Camponotus maculatus subsp. hova var. obscurior (unavailable)
  Camponotus maculatus subsp. guatemalensis var. scheffleri (unavailable)
  Camponotus maculatus subsp. fulva var. fulvooctonotata (unavailable)
  Camponotus maculatus subsp. fedtschenkoi var. mayri (unavailable)
  Camponotus maculatus subsp. fatuus var. frater (unavailable)
  Camponotus maculatus subsp. etiennei (unavailable)
  Camponotus maculatus subsp. bulimosus (synonym)
  Camponotus maculatus subsp. brutus var. lycurgus (unavailable)
  Camponotus maculatus subsp. barbaricus var. inversa (unavailable)
  Camponotus maculatus subsp. barbaricus var. baeticus (unavailable)
  Camponotus maculatus subsp. atramentarius var. cluis (unavailable)
  Camponotus maculatus st. hieroglyphicus (synonym)
  Camponotus maculatus st. cavallus (synonym)
  Camponotus maculatus r. vicinus var. subrostrata (unavailable)
  Camponotus maculatus r. sanctus var. cypriacus (unavailable)
  Camponotus maculatus r. samius var. bosphoricus (unavailable)
  Camponotus maculatus r. parvulus var. naevius (unavailable)
  Camponotus maculatus r. oasium var. cognatooasium (unavailable)
  Camponotus maculatus r. maccooki var. berkeleyensis (unavailable)
  Camponotus maculatus r. lobinieri (synonym)
  Camponotus maculatus r. kaschgariensis (synonym)
  Camponotus maculatus r. junctus (synonym)
  Camponotus maculatus r. impatibilis (valid)
  Camponotus maculatus r. fulvus var. octonotatus (unavailable)
  Camponotus maculatus r. cognatus var. sylvaticocognatus (unavailable)
  Camponotus maculatus r. caeciliae (synonym)
  Camponotus christi var. maculiventris (valid)
  Camponotus christi var. ferrugineus (homonym)
  Camponotus christi var. ambustus (valid)
  Camponotus christi r. foersteri (valid)
  Camponotus acwapimensis var. poultoni (synonym)
  Camponotus (Tanaemyrmex) substitutus var. pullulus (valid)
  Camponotus (Tanaemyrmex) substitutus var. clarus (homonym)
  Camponotus (Tanaemyrmex) maculatus var. flavominor (synonym)
  Camponotus (Tanaemyrmex) maculatus subsp. aethiops var. clara (unavailable)
  Camponotus (Pseudocolobopsis) macrocephalus subsp. geralensis (valid)
  Camponotus (Myrmoturba) subnudus var. obfuscatus (valid)
  Camponotus (Myrmoturba) maculatus var. zumpti (synonym)
  Camponotus (Myrmoturba) maculatus var. tuckeri (synonym)
  Camponotus (Myrmoturba) maculatus var. thomensis (synonym)
  Camponotus (Myrmoturba) maculatus var. semispicatus (synonym)
  Camponotus (Myrmoturba) maculatus var. lohieri (synonym)
  Camponotus (Myrmoturba) maculatus var. flavifemur (synonym)
  Camponotus (Myrmoturba) maculatus var. erythraea (synonym)
  Camponotus (Myrmoturba) maculatus var. conakryensis (synonym)
  Camponotus (Myrmoturba) maculatus var. cluisoides (synonym)
  Camponotus (Myrmoturba) maculatus subsp. sudanicus (synonym)
  Camponotus (Myrmoturba) maculatus subsp. sarmentus (synonym)
  Camponotus (Myrmoturba) maculatus subsp. sanctaecrucis (synonym)
  Camponotus (Myrmoturba) maculatus subsp. nubis (synonym)
  Camponotus (Myrmoturba) maculatus subsp. miserabilis var. pessimus (unavailable)
  Camponotus (Myrmoturba) maculatus subsp. fedtshenkoi var. nuda (unavailable)
  Camponotus (Myrmoturba) maculatus st. radamoides var. diffusus (unavailable)
  Camponotus (Myrmoturba) maculatus st. radamoides var. citinus (unavailable)
  Camponotus (Myrmoturba) maculatus st. radamoides var. cataractae (unavailable)
  Camponotus (Myrmoturba) maculatus st. radamoides var. brevitibialis (unavailable)
  Camponotus (Myrmoturba) maculatus st. pictiventris var. immaculifrons (unavailable)
  Camponotus (Myrmoturba) maculatus st. pallidus var. samoaensis (unavailable)
  Camponotus (Myrmoturba) maculatus st. miserabilis (homonym)
  Camponotus (Myrmoturba) maculatus st. manzer var. contaminatus (unavailable)
  Camponotus (Myrmoturba) maculatus st. infrasquameus (synonym)
  Camponotus (Myrmoturba) maculatus st. hannae (synonym)
  Camponotus (Myrmoturba) maculatus st. georgei (unavailable)
  Camponotus (Myrmoturba) maculatus st. agricola var. tacitus (unavailable)
  Camponotus (Myrmoturba) maculatus st. aegyptiacus var. sudanicus (unavailable)
  Camponotus (Myrmoturba) maculatus st. aegyptiacus var. hyksos (unavailable)
  Camponotus (Myrmoturba) maculatus st. aegyptiacus var. claveaui (unavailable)
  Camponotus (Myrmoturba) maculatus r. traegaordhi var. muger (unavailable)
  Camponotus (Myrmoturba) maculatus r. tinctus var. volkensi (unavailable)
  Camponotus (Myrmoturba) maculatus r. thoracicus var. incommoda (unavailable)
  Camponotus (Myrmoturba) maculatus r. subnudus var. gilvinotata (unavailable)
  Camponotus (Myrmoturba) maculatus r. parvulus var. deductrix (unavailable)
  Camponotus (Myrmoturba) maculatus r. novaehollandiae var. tambourinensis (unavailable)
  Camponotus (Myrmoturba) maculatus r. novaehollandae var. achaeus (unavailable)
  Camponotus (Myrmoturba) maculatus r. negus var. beritchi (unavailable)
  Camponotus (Myrmoturba) maculatus r. liengmei var. importunoides (unavailable)
  Camponotus (Myrmoturba) maculatus r. foveolatus (homonym)
  Camponotus (Myrmoturba) maculatus r. carolinus (valid)
  Camponotus (Myrmotrema) tauricolis st. osiris var. fricatus (unavailable)
  Camponotus (Myrmotemnus) nutans var. cleliae (valid)
  Camponotus (Myrmorhachis) planus var. santacruzensis (valid)
  Camponotus (Myrmorhachis) planus var. pinzonensis (valid)
  Camponotus (Myrmorhachis) planus var. isabelensis (valid)
  Camponotus (Myrmorhachis) planus var. indefessus (homonym)
  Camponotus (Myrmorhachis) planus var. fidelis (valid)
  Camponotus (Myrmorhachis) planus var. fernandinensis (valid)
  Camponotus (Myrmocladoecus) planus var. sansalvadorensis (valid)
  Camponotus (Myrmocladoecus) planus var. hephaestus (valid)
  Camponotus (Dinomyrmex) liengmei var. ugandensis (valid)
  Camponotus (Colobopsis) vitreus var. vittatulus (valid)
  Camponotus (Colobopsis) vitreus var. praeluteus (valid)
  Camponotus (Colobopsis) vitreus var. oebalis (valid)
  Camponotus (Colobopsis) vitreus var. latinotus (unresolved homonym)
  Camponotus (Colobopsis) vitreus var. angustulus (valid)
  Camponotus (Colobopsis) vitreus r. carinatus (homonym)
Subspecies without species: 336

Taxa with mismatched synonym and status: 102
  Temnothorax (Dichothorax) pergandei subsp. flavus (synonym) 
  Platythyrea incerta (synonym) 
  Pheidole treubi (synonym) 
  Pheidole rhombinoda var. micantiventris (synonym) 
  Pheidole rhombinoda var. formosensis (synonym) 
  Pheidole rhombinoda subsp. stella (synonym) 
  Pheidole rhombinoda (synonym) 
  Pheidole nodus var. praevexata (synonym) 
  Pheidole nodus var. flebilis (synonym) 
  Pachycondyla spiniventris (synonym) 
  Pachycondyla simillima (synonym) 
  Pachycondyla pestilentia (synonym) 
  Pachycondyla laeviuscula (synonym) 
  Pachycondyla gagates (synonym) 
  Pachycondyla dohrni (synonym) 
  Pachycondyla abyssinica (synonym) 
  Nylanderia zelotypa (synonym) 
  Nylanderia weissi subsp. nimba (synonym) 
  Nylanderia weissi (synonym) 
  Nylanderia picea (synonym) 
  Nylanderia kincaidi (synonym) 
  Nylanderia bourbonica r. hawaiensis (synonym) 
  Nylanderia (Nylanderia) vaga var. irritans (synonym) 
  Nylanderia (Nylanderia) vaga var. crassipilis (synonym) 
  Nylanderia (Nylanderia) jaegerskioeldi var. borcardi (synonym) 
  Nylanderia (Nylanderia) bourbonica subsp. skottsbergi (synonym) 
  Monomorium minutum var. samoanum (synonym) 
  Monomorium carbonarium (synonym) 
  Monomorium (Notomyrmex) bidentatum subsp. piceonigrum (synonym) 
  Messor capensis var. probus (synonym) 
  Messor arcistriatus (synonym) 
  Gnamptogenys wasmanni (synonym) 
  Gnamptogenys striatula var. antillana (synonym) 
  Gnamptogenys splendidum (synonym) 
  Gnamptogenys simplicoides (synonym) 
  Gnamptogenys rustica (synonym) 
  Gnamptogenys obscurum (synonym) 
  Gnamptogenys fiebrigi (synonym) 
  Gnamptogenys curtulum (synonym) 
  Gnamptogenys brasiliensis var. pernambucana (synonym) 
  Gnamptogenys brasiliensis var. calcarata (synonym) 
  Gnamptogenys brasiliensis (synonym) 
  Gnamptogenys angustipleura (synonym) 
  Gnamptogenys (Holcoponera) striatulum var. angustiloba (synonym) 
  Gnamptogenys (Holcomyrmex) curtula var. paulina (synonym) 
  Formica pyrenaea (synonym) 
  Formica piniphila (synonym) 
  Formica naefi (synonym) 
  Formica goesswaldi (synonym) 
  Formica gerardi (synonym) 
  Forelius maccooki r. andrei (synonym) 
  Dolichoderus bituberculata (synonym) 
  Crematogaster scutellaris var. lichtensteini (synonym) 
  Crematogaster scutellaris var. grouvellei (synonym) 
  Crematogaster scutellaris var. degener (synonym) 
  Crematogaster scutellaris var. corsica (synonym) 
  Crematogaster schmidti (synonym) 
  Crematogaster ruficeps (synonym) 
  Crematogaster rubriceps (synonym) 
  Crematogaster rediana (synonym) 
  Crematogaster haematocephala (synonym) 
  Carebara parvicornis (synonym) 
  Camponotus semicarinata (synonym) 
  Camponotus scrobifer (synonym) 
  Camponotus melanoticus var. multipilis (synonym) 
  Camponotus maculatus var. radamoides (synonym) 
  Camponotus maculatus var. melanocnemis (synonym) 
  Camponotus maculatus var. lividior (synonym) 
  Camponotus maculatus var. atramentarius (synonym) 
  Camponotus maculatus subsp. schereri (synonym) 
  Camponotus maculatus subsp. mathildae (synonym) 
  Camponotus maculatus subsp. manzer (synonym) 
  Camponotus maculatus subsp. liocnemis (synonym) 
  Camponotus maculatus subsp. intonsus (synonym) 
  Camponotus maculatus st. hieroglyphicus (synonym) 
  Camponotus maculatus st. cavallus (synonym) 
  Camponotus luederwaldti (synonym) 
  Camponotus lacteipennis (synonym) 
  Camponotus incursor (synonym) 
  Camponotus fictor (synonym) 
  Camponotus cognata (synonym) 
  Camponotus carinata (synonym) 
  Camponotus ballioni (synonym) 
  Camponotus adlerzii (synonym) 
  Camponotus (Tanaemyrmex) maculatus var. flavominor (synonym) 
  Camponotus (Myrmoturba) maculatus var. zumpti (synonym) 
  Camponotus (Myrmoturba) maculatus var. tuckeri (synonym) 
  Camponotus (Myrmoturba) maculatus var. thomensis (synonym) 
  Camponotus (Myrmoturba) maculatus var. semispicatus (synonym) 
  Camponotus (Myrmoturba) maculatus var. lohieri (synonym) 
  Camponotus (Myrmoturba) maculatus var. flavifemur (synonym) 
  Camponotus (Myrmoturba) maculatus var. erythraea (synonym) 
  Camponotus (Myrmoturba) maculatus var. conakryensis (synonym) 
  Camponotus (Myrmoturba) maculatus var. cluisoides (synonym) 
  Camponotus (Myrmoturba) maculatus subsp. sudanicus (synonym) 
  Camponotus (Myrmoturba) maculatus subsp. sarmentus (synonym) 
  Camponotus (Myrmoturba) maculatus subsp. nubis (synonym) 
  Camponotus (Myrmoturba) maculatus st. hannae (synonym) 
  Camponotus (Myrmoturba) ballioni var. boera (synonym) 
  Camponotus (Colobopsis) fictor subsp. augustulus (synonym) 
  Camponotus (Colobopsis) angustata var. siggii (synonym) 
  Camponotus (Camponotus) herculeanus var. rubens (synonym) 
Taxa with mismatched synonym and status: 102

Duplicate valids: 8
  Camponotus macrocephalus 2
  Crematogaster bicolor 2
  Crematogaster longiceps 2
  Gnamptogenys regularis 2
  Pachycondyla solitaria 2
  Temnothorax foreli 2
  Temnothorax manni 2
  Tetramorium pauper 2
