
2012-01-16 10:42:58 -0800
   4428 AuthorName
  10904 Author
   6420 Bolton::Match
   4644 Bolton::Reference
      0 Citation
      0 ForwardReference
   1703 Journal
    226 Place
      0 Protonym
    458 Publisher
  16934 ReferenceAuthorName
   5457 ReferenceDocument
  10803 Reference
  25286 Taxon
      0 TaxonomicHistoryItem
     13 User

2012-01-23 08:12:29 -0800
   4462 AuthorName
  10938 Author
   6420 Bolton::Match
   4644 Bolton::Reference
     28 Citation
     21 ForwardReference
   1708 Journal
    226 Place
     28 Protonym
    459 Publisher
  16980 ReferenceAuthorName
   5497 ReferenceDocument
  10821 Reference
     37 Taxon
    678 TaxonomicHistoryItem
     13 User

2012-01-23 08:44:59 -0800
   4462 AuthorName
  10938 Author
   6420 Bolton::Match
   4644 Bolton::Reference
     28 Citation
     21 ForwardReference
   1708 Journal
    226 Place
     28 Protonym
    459 Publisher
  16980 ReferenceAuthorName
   5497 ReferenceDocument
  10821 Reference
     37 Taxon
    678 TaxonomicHistoryItem
     13 User

2012-01-23 12:46:59 -0800
   4462 AuthorName
  10938 Author
   6420 Bolton::Match
   4644 Bolton::Reference
     47 Citation
     40 ForwardReference
   1708 Journal
    226 Place
     47 Protonym
    459 Publisher
  16980 ReferenceAuthorName
   5497 ReferenceDocument
  10827 Reference
     47 Taxon
   1158 TaxonomicHistoryItem
     13 User
Genera with tribes but not subfamilies
Calyptites
Condylodon
Eoformica
Gerontoformica
Hypochira
Klondikia
Kohlsimyrma
Myanmyrma
Noonilla
Syntaphus
Cariridris
Cretacoformica
Formila
Myrmicium
Palaeomyrmex
Promyrmicium
Myrmicium
Scyphodon
Ancylognathus
Dolichoformica
Hypopheidole
Leptoxenus
Myrmegis
Pergandea
Salticomorpha
Titusia
Aneuretellus
Aneuretus
Mianeuretus
Paraneuretus
Protaneuretus
Pityomyrmex
Burmomyrma
Cananeuretus
Arnoldius
Bothriomyrmex
Chronoxenus
Loweriella
Ravavy
Dolichoderus

2012-01-23 12:49:26 -0800
   4462 AuthorName
  10938 Author
   6420 Bolton::Match
   4644 Bolton::Reference
     47 Citation
     40 ForwardReference
   1708 Journal
    226 Place
     47 Protonym
    459 Publisher
  16980 ReferenceAuthorName
   5497 ReferenceDocument
  10827 Reference
     47 Taxon
   1158 TaxonomicHistoryItem
     13 User
Genera with tribes but not subfamilies
Calyptites
Condylodon
Eoformica
Gerontoformica
Hypochira
Klondikia
Kohlsimyrma
Myanmyrma
Noonilla
Syntaphus
Cariridris
Cretacoformica
Formila
Myrmicium
Palaeomyrmex
Promyrmicium
Myrmicium
Scyphodon
Ancylognathus
Dolichoformica
Hypopheidole
Leptoxenus
Myrmegis
Pergandea
Salticomorpha
Titusia
Aneuretellus
Aneuretus
Mianeuretus
Paraneuretus
Protaneuretus
Pityomyrmex
Burmomyrma
Cananeuretus
Arnoldius
Bothriomyrmex
Chronoxenus
Loweriella
Ravavy
Dolichoderus

2012-01-23 12:49:54 -0800
   4462 AuthorName
  10938 Author
   6420 Bolton::Match
   4644 Bolton::Reference
     47 Citation
     40 ForwardReference
   1708 Journal
    226 Place
     47 Protonym
    459 Publisher
  16980 ReferenceAuthorName
   5497 ReferenceDocument
  10827 Reference
     47 Taxon
   1158 TaxonomicHistoryItem
     13 User
Genera with tribes but not subfamilies
Ancylognathus
Aneuretellus
Aneuretus
Arnoldius
Bothriomyrmex
Burmomyrma
Calyptites
Cananeuretus
Cariridris
Chronoxenus
Condylodon
Cretacoformica
Dolichoderus
Dolichoformica
Eoformica
Formila
Gerontoformica
Hypochira
Hypopheidole
Klondikia
Kohlsimyrma
Leptoxenus
Loweriella
Mianeuretus
Myanmyrma
Myrmegis
Myrmicium
Myrmicium
Noonilla
Palaeomyrmex
Paraneuretus
Pergandea
Pityomyrmex
Promyrmicium
Protaneuretus
Ravavy
Salticomorpha
Scyphodon
Syntaphus
Titusia

2012-01-23 12:51:57 -0800
   4462 AuthorName
  10938 Author
   6420 Bolton::Match
   4644 Bolton::Reference
     47 Citation
     40 ForwardReference
   1708 Journal
    226 Place
     47 Protonym
    459 Publisher
  16980 ReferenceAuthorName
   5497 ReferenceDocument
  10827 Reference
     47 Taxon
   1158 TaxonomicHistoryItem
     13 User
Genera with tribes but not subfamilies
Aneuretellus
Aneuretus
Arnoldius
Bothriomyrmex
Chronoxenus
Dolichoderus
Loweriella
Mianeuretus
Paraneuretus
Pityomyrmex
Protaneuretus
Ravavy

2012-01-23 12:53:25 -0800
   4462 AuthorName
  10938 Author
   6420 Bolton::Match
   4644 Bolton::Reference
     47 Citation
     40 ForwardReference
   1708 Journal
    226 Place
     47 Protonym
    459 Publisher
  16980 ReferenceAuthorName
   5497 ReferenceDocument
  10827 Reference
     47 Taxon
   1158 TaxonomicHistoryItem
     13 User
Genera with tribes but not subfamilies
Aneuretellus (tribe Aneuretini)
Aneuretus (tribe Aneuretini)
Arnoldius (tribe Bothriomyrmecini)
Bothriomyrmex (tribe Bothriomyrmecini)
Chronoxenus (tribe Bothriomyrmecini)
Dolichoderus (tribe Dolichoderini)
Loweriella (tribe Bothriomyrmecini)
Mianeuretus (tribe Aneuretini)
Paraneuretus (tribe Aneuretini)
Pityomyrmex (tribe Pityomyrmecini)
Protaneuretus (tribe Aneuretini)
Ravavy (tribe Bothriomyrmecini)

2012-01-23 14:22:08 -0800
   4462 AuthorName
  10938 Author
   6420 Bolton::Match
   4644 Bolton::Reference
     38 Citation
     31 ForwardReference
   1708 Journal
    226 Place
     38 Protonym
    459 Publisher
  16980 ReferenceAuthorName
   5497 ReferenceDocument
  10823 Reference
     66 Taxon
    588 TaxonomicHistoryItem
     13 User
